<?xml version="1.0" encoding="UTF-8" ?>
<testsuite tests="2" failures="1" name="com.crm.qa.testcases.LoginPageTest" time="20.435" errors="0" skipped="0">
  <properties>
    <property name="java.vendor" value="Oracle Corporation"/>
    <property name="JOB_NAME" value="maven_test"/>
    <property name="sun.java.launcher" value="SUN_STANDARD"/>
    <property name="NUMBER_OF_PROCESSORS" value="12"/>
    <property name="sun.management.compiler" value="HotSpot 64-Bit Tiered Compilers"/>
    <property name="JENKINS_HOME" value="C:\Users\a103524\.jenkins"/>
    <property name="HUDSON_SERVER_COOKIE" value="ccc7239c3074c756"/>
    <property name="POM_ARTIFACTID" value="FreeCrmTest"/>
    <property name="os.name" value="Windows 10"/>
    <property name="sun.boot.class.path" value="C:\Program Files\Java\jdk1.8.0_241\jre\lib\resources.jar;C:\Program Files\Java\jdk1.8.0_241\jre\lib\rt.jar;C:\Program Files\Java\jdk1.8.0_241\jre\lib\sunrsasign.jar;C:\Program Files\Java\jdk1.8.0_241\jre\lib\jsse.jar;C:\Program Files\Java\jdk1.8.0_241\jre\lib\jce.jar;C:\Program Files\Java\jdk1.8.0_241\jre\lib\charsets.jar;C:\Program Files\Java\jdk1.8.0_241\jre\lib\jfr.jar;C:\Program Files\Java\jdk1.8.0_241\jre\classes"/>
    <property name="EXECUTOR_NUMBER" value="1"/>
    <property name="sun.desktop" value="windows"/>
    <property name="PATHEXT" value=".COM;.EXE;.BAT;.CMD;.VBS;.VBE;.JS;.JSE;.WSF;.WSH;.MSC"/>
    <property name="java.vm.specification.vendor" value="Oracle Corporation"/>
    <property name="POM_DISPLAYNAME" value="FreeCrmTest"/>
    <property name="NODE_LABELS" value="master"/>
    <property name="TEMP" value="C:\Users\a103524\AppData\Local\Temp"/>
    <property name="java.runtime.version" value="1.8.0_241-b07"/>
    <property name="user.name" value="A103524"/>
    <property name="guice.disable.misplaced.annotation.check" value="true"/>
    <property name="CommonProgramW6432" value="C:\Program Files\Common Files"/>
    <property name="ProgramFiles" value="C:\Program Files"/>
    <property name="PROMPT" value="$P$G"/>
    <property name="user.language" value="en"/>
    <property name="JOB_BASE_NAME" value="maven_test"/>
    <property name="RUN_CHANGES_DISPLAY_URL" value="http://localhost:8080/job/maven_test/5/display/redirect?page=changes"/>
    <property name="BUILD_DISPLAY_NAME" value="#5"/>
    <property name="OneDrive" value="C:\Users\a103524\OneDrive - Aristocrat Gaming"/>
    <property name="sun.boot.library.path" value="C:\Program Files\Java\jdk1.8.0_241\jre\bin"/>
    <property name="OneDriveCommercial" value="C:\Users\a103524\OneDrive - Aristocrat Gaming"/>
    <property name="LOCALAPPDATA" value="C:\Users\a103524\AppData\Local"/>
    <property name="java.version" value="1.8.0_241"/>
    <property name="PROCESSOR_LEVEL" value="6"/>
    <property name="user.timezone" value="Asia/Calcutta"/>
    <property name="USERNAME" value="A103524"/>
    <property name="sun.arch.data.model" value="64"/>
    <property name="NODE_NAME" value="master"/>
    <property name="java.endorsed.dirs" value="C:\Program Files\Java\jdk1.8.0_241\jre\lib\endorsed"/>
    <property name="BUILD_ID" value="5"/>
    <property name="sun.cpu.isalist" value="amd64"/>
    <property name="sun.jnu.encoding" value="Cp1252"/>
    <property name="file.encoding.pkg" value="sun.io"/>
    <property name="file.separator" value="\"/>
    <property name="java.specification.name" value="Java Platform API Specification"/>
    <property name="HOMEDRIVE" value="C:"/>
    <property name="maven.conf" value="C:\Users\a103524\.jenkins\tools\hudson.tasks.Maven_MavenInstallation\MAVEN_HOME\conf"/>
    <property name="java.class.version" value="52.0"/>
    <property name="=::" value="::\"/>
    <property name="org.slf4j.simpleLogger.defaultLogLevel" value="info"/>
    <property name="user.country" value="US"/>
    <property name="ALLUSERSPROFILE" value="C:\ProgramData"/>
    <property name="java.home" value="C:\Program Files\Java\jdk1.8.0_241\jre"/>
    <property name="java.vm.info" value="mixed mode"/>
    <property name="os.version" value="10.0"/>
    <property name="=ExitCode" value="00000001"/>
    <property name="RUN_DISPLAY_URL" value="http://localhost:8080/job/maven_test/5/display/redirect"/>
    <property name="POM_VERSION" value="0.0.1-SNAPSHOT"/>
    <property name="TMP" value="C:\Users\a103524\AppData\Local\Temp"/>
    <property name="path.separator" value=";"/>
    <property name="java.vm.version" value="25.241-b07"/>
    <property name="user.variant" value=""/>
    <property name="JOB_DISPLAY_URL" value="http://localhost:8080/job/maven_test/display/redirect"/>
    <property name="CommonProgramFiles(x86)" value="C:\Program Files (x86)\Common Files"/>
    <property name="USERDOMAIN_ROAMINGPROFILE" value="ALI"/>
    <property name="java.awt.printerjob" value="sun.awt.windows.WPrinterJob"/>
    <property name="JAVA_HOME" value="C:\Program Files\Java\jdk1.8.0_241"/>
    <property name="sun.io.unicode.encoding" value="UnicodeLittle"/>
    <property name="CommonProgramFiles" value="C:\Program Files\Common Files"/>
    <property name="ComSpec" value="C:\windows\system32\cmd.exe"/>
    <property name="awt.toolkit" value="sun.awt.windows.WToolkit"/>
    <property name="HOMEPATH" value="\Users\a103524"/>
    <property name="USERDNSDOMAIN" value="ALI.LOCAL"/>
    <property name="POM_PACKAGING" value="jar"/>
    <property name="user.script" value=""/>
    <property name="COMPUTERNAME" value="W70388"/>
    <property name="POM_GROUPID" value="FreeCRMTestAutomation"/>
    <property name="user.home" value="C:\Users\a103524"/>
    <property name="PUBLIC" value="C:\Users\Public"/>
    <property name="BUILD_TAG" value="jenkins-maven_test-5"/>
    <property name="JENKINS_SERVER_COOKIE" value="ccc7239c3074c756"/>
    <property name="HUDSON_URL" value="http://localhost:8080/"/>
    <property name="ProgramData" value="C:\ProgramData"/>
    <property name="java.specification.vendor" value="Oracle Corporation"/>
    <property name="USERPROFILE" value="C:\Users\a103524"/>
    <property name="CLASSPATH" value=""/>
    <property name="java.vendor.url" value="http://java.oracle.com/"/>
    <property name="java.library.path" value="C:\Program Files\Java\jdk1.8.0_241\bin;C:\windows\Sun\Java\bin;C:\windows\system32;C:\windows;C:\Users\a103524\.jenkins\tools\hudson.tasks.Maven_MavenInstallation\MAVEN_HOME/bin;C:\Program Files\Java\jdk1.8.0_241/bin;C:\Program Files\Java\jdk1.8.0_241/bin;C:\Program Files (x86)\Common Files\Oracle\Java\javapath;C:\windows\system32;C:\windows;C:\windows\System32\Wbem;C:\windows\System32\WindowsPowerShell\v1.0\;C:\windows\System32\OpenSSH\;C:\Program Files\PuTTY\;C:\Program Files\TortoiseSVN\bin;C:\Program Files (x86)\NVIDIA Corporation\PhysX\Common;C:\Users\a103524\AppData\Local\Microsoft\WindowsApps;;."/>
    <property name="java.vm.vendor" value="Oracle Corporation"/>
    <property name="APPDATA" value="C:\Users\a103524\AppData\Roaming"/>
    <property name="java.runtime.name" value="Java(TM) SE Runtime Environment"/>
    <property name="maven.home" value="C:\Users\a103524\.jenkins\tools\hudson.tasks.Maven_MavenInstallation\MAVEN_HOME"/>
    <property name="java.class.path" value="C:\Users\a103524\.jenkins\plugins\maven-plugin\WEB-INF\lib\maven35-agent-1.13.jar;C:\Users\a103524\.jenkins\tools\hudson.tasks.Maven_MavenInstallation\MAVEN_HOME\boot\plexus-classworlds-2.6.0.jar;C:\Users\a103524\.jenkins\tools\hudson.tasks.Maven_MavenInstallation\MAVEN_HOME/conf/logging"/>
    <property name="sun.java.command" value="jenkins.maven3.agent.Maven35Main C:\Users\a103524\.jenkins\tools\hudson.tasks.Maven_MavenInstallation\MAVEN_HOME C:\Users\a103524\.jenkins\war\WEB-INF\lib\remoting-4.2.jar C:\Users\a103524\.jenkins\plugins\maven-plugin\WEB-INF\lib\maven35-interceptor-1.13.jar C:\Users\a103524\.jenkins\plugins\maven-plugin\WEB-INF\lib\maven3-interceptor-commons-1.13.jar 55412"/>
    <property name="Path" value="C:\Program Files\Java\jdk1.8.0_241/bin;C:\Program Files (x86)\Common Files\Oracle\Java\javapath;C:\windows\system32;C:\windows;C:\windows\System32\Wbem;C:\windows\System32\WindowsPowerShell\v1.0\;C:\windows\System32\OpenSSH\;C:\Program Files\PuTTY\;C:\Program Files\TortoiseSVN\bin;C:\Program Files (x86)\NVIDIA Corporation\PhysX\Common;C:\Users\a103524\AppData\Local\Microsoft\WindowsApps;"/>
    <property name="java.vm.specification.name" value="Java Virtual Machine Specification"/>
    <property name="PROCESSOR_ARCHITECTURE" value="AMD64"/>
    <property name="PATH+JDK" value="C:\Program Files\Java\jdk1.8.0_241/bin"/>
    <property name="PROCESSOR_IDENTIFIER" value="Intel64 Family 6 Model 158 Stepping 10, GenuineIntel"/>
    <property name="SESSIONNAME" value="Console"/>
    <property name="java.vm.specification.version" value="1.8"/>
    <property name="sun.os.patch.level" value=""/>
    <property name="sun.cpu.endian" value="little"/>
    <property name="M2_HOME" value="C:\Users\a103524\.jenkins\tools\hudson.tasks.Maven_MavenInstallation\MAVEN_HOME"/>
    <property name="ADSKFLEX_LICENSE_FILE" value="@lasc-rgtlic-01.ali.local"/>
    <property name="java.io.tmpdir" value="C:\Users\a103524\AppData\Local\Temp\"/>
    <property name="OS" value="Windows_NT"/>
    <property name="HUDSON_HOME" value="C:\Users\a103524\.jenkins"/>
    <property name="PATH+MAVEN" value="C:\Users\a103524\.jenkins\tools\hudson.tasks.Maven_MavenInstallation\MAVEN_HOME/bin"/>
    <property name="ProgramFiles(x86)" value="C:\Program Files (x86)"/>
    <property name="BUILD_URL" value="http://localhost:8080/job/maven_test/5/"/>
    <property name="java.vendor.url.bug" value="http://bugreport.sun.com/bugreport/"/>
    <property name="java.awt.graphicsenv" value="sun.awt.Win32GraphicsEnvironment"/>
    <property name="os.arch" value="amd64"/>
    <property name="SystemRoot" value="C:\windows"/>
    <property name="java.ext.dirs" value="C:\Program Files\Java\jdk1.8.0_241\jre\lib\ext;C:\windows\Sun\Java\lib\ext"/>
    <property name="user.dir" value="C:\Users\a103524\workspace\FreeCrmTest"/>
    <property name="JOB_URL" value="http://localhost:8080/job/maven_test/"/>
    <property name="LOGONSERVER" value="\\INND-NET-03"/>
    <property name="USERDOMAIN" value="ALI"/>
    <property name="line.separator" value="
"/>
    <property name="MAVEN_HOME" value="C:\Users\a103524\.jenkins\tools\hudson.tasks.Maven_MavenInstallation\MAVEN_HOME"/>
    <property name="java.vm.name" value="Java HotSpot(TM) 64-Bit Server VM"/>
    <property name="BUILD_NUMBER" value="5"/>
    <property name="JENKINS_URL" value="http://localhost:8080/"/>
    <property name="PROCESSOR_REVISION" value="9e0a"/>
    <property name="UATDATA" value="C:\windows\CCM\UATData\D9F8C395-CAB8-491d-B8AC-179A1FE1BE77"/>
    <property name="ProgramW6432" value="C:\Program Files"/>
    <property name="windir" value="C:\windows"/>
    <property name="=C:" value="C:\Program Files (x86)\Jenkins"/>
    <property name="file.encoding" value="Cp1252"/>
    <property name="SystemDrive" value="C:"/>
    <property name="maven3.interceptor" value="C:\Users\a103524\.jenkins\plugins\maven-plugin\WEB-INF\lib\maven35-interceptor-1.13.jar"/>
    <property name="FLEXLM_TIMEOUT" value="1500000"/>
    <property name="RVL_SERVER" value="lasc-rgtlic-01.ali.local"/>
    <property name="WORKSPACE_TMP" value="C:\Users\a103524\workspace\FreeCrmTest@tmp"/>
    <property name="WORKSPACE" value="C:\Users\a103524\workspace\FreeCrmTest"/>
    <property name="maven3.interceptor.common" value="C:\Users\a103524\.jenkins\plugins\maven-plugin\WEB-INF\lib\maven3-interceptor-commons-1.13.jar"/>
    <property name="java.specification.version" value="1.8"/>
    <property name="PSModulePath" value="C:\Program Files\WindowsPowerShell\Modules;C:\windows\system32\WindowsPowerShell\v1.0\Modules"/>
    <property name="DriverData" value="C:\Windows\System32\Drivers\DriverData"/>
  </properties>
  <testcase classname="com.crm.qa.testcases.LoginPageTest" name="loginPageTitleTest" time="0.01"/>
  <testcase classname="com.crm.qa.testcases.LoginPageTest" name="loginTest" time="20.425">
    <failure message="timeout: Timed out receiving message from renderer: 20.000
  (Session info: chrome=81.0.4044.113)
Build info: version: &apos;3.141.59&apos;, revision: &apos;e82be7d358&apos;, time: &apos;2018-11-14T08:17:03&apos;
System info: host: &apos;W70388&apos;, ip: &apos;192.168.1.2&apos;, os.name: &apos;Windows 10&apos;, os.arch: &apos;amd64&apos;, os.version: &apos;10.0&apos;, java.version: &apos;1.8.0_241&apos;
Driver info: org.openqa.selenium.chrome.ChromeDriver
Capabilities {acceptInsecureCerts: false, browserName: chrome, browserVersion: 81.0.4044.113, chrome: {chromedriverVersion: 81.0.4044.69 (6813546031a4b..., userDataDir: C:\Users\a103524\AppData\Lo...}, goog:chromeOptions: {debuggerAddress: localhost:50533}, javascriptEnabled: true, networkConnectionEnabled: false, pageLoadStrategy: normal, platform: WINDOWS, platformName: WINDOWS, proxy: Proxy(), setWindowRect: true, strictFileInteractability: false, timeouts: {implicit: 0, pageLoad: 300000, script: 30000}, unhandledPromptBehavior: dismiss and notify, webauthn:virtualAuthenticators: true}
Session ID: 8e7b108e232c9461d7076b9bfbaf74c6" type="org.openqa.selenium.TimeoutException">org.openqa.selenium.TimeoutException: timeout: Timed out receiving message from renderer: 20.000
  (Session info: chrome=81.0.4044.113)
Build info: version: &apos;3.141.59&apos;, revision: &apos;e82be7d358&apos;, time: &apos;2018-11-14T08:17:03&apos;
System info: host: &apos;W70388&apos;, ip: &apos;192.168.1.2&apos;, os.name: &apos;Windows 10&apos;, os.arch: &apos;amd64&apos;, os.version: &apos;10.0&apos;, java.version: &apos;1.8.0_241&apos;
Driver info: org.openqa.selenium.chrome.ChromeDriver
Capabilities {acceptInsecureCerts: false, browserName: chrome, browserVersion: 81.0.4044.113, chrome: {chromedriverVersion: 81.0.4044.69 (6813546031a4b..., userDataDir: C:\Users\a103524\AppData\Lo...}, goog:chromeOptions: {debuggerAddress: localhost:50533}, javascriptEnabled: true, networkConnectionEnabled: false, pageLoadStrategy: normal, platform: WINDOWS, platformName: WINDOWS, proxy: Proxy(), setWindowRect: true, strictFileInteractability: false, timeouts: {implicit: 0, pageLoad: 300000, script: 30000}, unhandledPromptBehavior: dismiss and notify, webauthn:virtualAuthenticators: true}
Session ID: 8e7b108e232c9461d7076b9bfbaf74c6
	at sun.reflect.NativeConstructorAccessorImpl.newInstance0(Native Method)
	at sun.reflect.NativeConstructorAccessorImpl.newInstance(NativeConstructorAccessorImpl.java:62)
	at sun.reflect.DelegatingConstructorAccessorImpl.newInstance(DelegatingConstructorAccessorImpl.java:45)
	at java.lang.reflect.Constructor.newInstance(Constructor.java:423)
	at org.openqa.selenium.remote.http.W3CHttpResponseCodec.createException(W3CHttpResponseCodec.java:187)
	at org.openqa.selenium.remote.http.W3CHttpResponseCodec.decode(W3CHttpResponseCodec.java:122)
	at org.openqa.selenium.remote.http.W3CHttpResponseCodec.decode(W3CHttpResponseCodec.java:49)
	at org.openqa.selenium.remote.HttpCommandExecutor.execute(HttpCommandExecutor.java:158)
	at org.openqa.selenium.remote.service.DriverCommandExecutor.execute(DriverCommandExecutor.java:83)
	at org.openqa.selenium.remote.RemoteWebDriver.execute(RemoteWebDriver.java:552)
	at org.openqa.selenium.remote.RemoteWebElement.execute(RemoteWebElement.java:285)
	at org.openqa.selenium.remote.RemoteWebElement.click(RemoteWebElement.java:84)
	at sun.reflect.NativeMethodAccessorImpl.invoke0(Native Method)
	at sun.reflect.NativeMethodAccessorImpl.invoke(NativeMethodAccessorImpl.java:62)
	at sun.reflect.DelegatingMethodAccessorImpl.invoke(DelegatingMethodAccessorImpl.java:43)
	at java.lang.reflect.Method.invoke(Method.java:498)
	at org.openqa.selenium.support.pagefactory.internal.LocatingElementHandler.invoke(LocatingElementHandler.java:51)
	at com.sun.proxy.$Proxy7.click(Unknown Source)
	at com.crm.qa.pages.LoginPage.login(LoginPage.java:43)
	at com.crm.qa.testcases.LoginPageTest.loginTest(LoginPageTest.java:42)
</failure>
    <system-err>Starting ChromeDriver 81.0.4044.69 (6813546031a4bc83f717a2ef7cd4ac6ec1199132-refs/branch-heads/4044@{#776}) on port 16863
Only local connections are allowed.
Please protect ports used by ChromeDriver and related test frameworks to prevent access by malicious code.
Apr 20, 2020 8:15:50 PM org.openqa.selenium.remote.ProtocolHandshake createSession
INFO: Detected dialect: W3C
[1587393953.082][SEVERE]: Timed out receiving message from renderer: 0.100
[1587393953.255][SEVERE]: Timed out receiving message from renderer: 0.100
[1587393953.383][SEVERE]: Timed out receiving message from renderer: 0.100
[1587393954.636][SEVERE]: Timed out receiving message from renderer: 0.100
[1587393954.835][SEVERE]: Timed out receiving message from renderer: 0.100
[1587393954.938][SEVERE]: Timed out receiving message from renderer: 0.100
[1587393955.039][SEVERE]: Timed out receiving message from renderer: 0.100
[1587393955.143][SEVERE]: Timed out receiving message from renderer: 0.100
[1587393955.245][SEVERE]: Timed out receiving message from renderer: 0.100
[1587393955.346][SEVERE]: Timed out receiving message from renderer: 0.100
[1587393955.447][SEVERE]: Timed out receiving message from renderer: 0.100
[1587393955.549][SEVERE]: Timed out receiving message from renderer: 0.100
[1587393955.651][SEVERE]: Timed out receiving message from renderer: 0.100
[1587393955.752][SEVERE]: Timed out receiving message from renderer: 0.100
[1587393955.854][SEVERE]: Timed out receiving message from renderer: 0.100
[1587393955.956][SEVERE]: Timed out receiving message from renderer: 0.100
[1587393956.059][SEVERE]: Timed out receiving message from renderer: 0.100
[1587393956.161][SEVERE]: Timed out receiving message from renderer: 0.100
[1587393956.263][SEVERE]: Timed out receiving message from renderer: 0.100
[1587393956.364][SEVERE]: Timed out receiving message from renderer: 0.100
[1587393956.467][SEVERE]: Timed out receiving message from renderer: 0.100
[1587393956.570][SEVERE]: Timed out receiving message from renderer: 0.100
[1587393956.672][SEVERE]: Timed out receiving message from renderer: 0.100
[1587393956.774][SEVERE]: Timed out receiving message from renderer: 0.100
[1587393956.876][SEVERE]: Timed out receiving message from renderer: 0.100
[1587393956.979][SEVERE]: Timed out receiving message from renderer: 0.100
[1587393957.081][SEVERE]: Timed out receiving message from renderer: 0.100
[1587393957.183][SEVERE]: Timed out receiving message from renderer: 0.100
[1587393957.286][SEVERE]: Timed out receiving message from renderer: 0.100
[1587393957.387][SEVERE]: Timed out receiving message from renderer: 0.100
[1587393957.488][SEVERE]: Timed out receiving message from renderer: 0.100
[1587393957.590][SEVERE]: Timed out receiving message from renderer: 0.100
[1587393957.692][SEVERE]: Timed out receiving message from renderer: 0.100
[1587393957.794][SEVERE]: Timed out receiving message from renderer: 0.100
[1587393957.897][SEVERE]: Timed out receiving message from renderer: 0.100
[1587393957.998][SEVERE]: Timed out receiving message from renderer: 0.100
[1587393958.099][SEVERE]: Timed out receiving message from renderer: 0.100
[1587393958.201][SEVERE]: Timed out receiving message from renderer: 0.100
[1587393958.302][SEVERE]: Timed out receiving message from renderer: 0.100
[1587393958.403][SEVERE]: Timed out receiving message from renderer: 0.100
[1587393958.504][SEVERE]: Timed out receiving message from renderer: 0.100
[1587393958.606][SEVERE]: Timed out receiving message from renderer: 0.100
[1587393958.707][SEVERE]: Timed out receiving message from renderer: 0.100
[1587393958.808][SEVERE]: Timed out receiving message from renderer: 0.100
[1587393958.910][SEVERE]: Timed out receiving message from renderer: 0.100
[1587393959.012][SEVERE]: Timed out receiving message from renderer: 0.100
[1587393959.113][SEVERE]: Timed out receiving message from renderer: 0.100
[1587393959.214][SEVERE]: Timed out receiving message from renderer: 0.100
[1587393959.315][SEVERE]: Timed out receiving message from renderer: 0.100
[1587393959.416][SEVERE]: Timed out receiving message from renderer: 0.100
[1587393959.518][SEVERE]: Timed out receiving message from renderer: 0.100
[1587393959.619][SEVERE]: Timed out receiving message from renderer: 0.100
[1587393959.721][SEVERE]: Timed out receiving message from renderer: 0.100
[1587393959.822][SEVERE]: Timed out receiving message from renderer: 0.100
[1587393959.923][SEVERE]: Timed out receiving message from renderer: 0.100
[1587393960.025][SEVERE]: Timed out receiving message from renderer: 0.100
[1587393960.127][SEVERE]: Timed out receiving message from renderer: 0.100
[1587393960.228][SEVERE]: Timed out receiving message from renderer: 0.100
[1587393960.330][SEVERE]: Timed out receiving message from renderer: 0.100
[1587393960.431][SEVERE]: Timed out receiving message from renderer: 0.100
[1587393960.532][SEVERE]: Timed out receiving message from renderer: 0.100
[1587393960.633][SEVERE]: Timed out receiving message from renderer: 0.100
[1587393960.734][SEVERE]: Timed out receiving message from renderer: 0.100
[1587393960.836][SEVERE]: Timed out receiving message from renderer: 0.100
[1587393960.937][SEVERE]: Timed out receiving message from renderer: 0.100
[1587393961.039][SEVERE]: Timed out receiving message from renderer: 0.100
[1587393961.140][SEVERE]: Timed out receiving message from renderer: 0.100
[1587393961.242][SEVERE]: Timed out receiving message from renderer: 0.100
[1587393961.343][SEVERE]: Timed out receiving message from renderer: 0.100
[1587393961.446][SEVERE]: Timed out receiving message from renderer: 0.100
[1587393961.548][SEVERE]: Timed out receiving message from renderer: 0.100
[1587393961.650][SEVERE]: Timed out receiving message from renderer: 0.100
[1587393961.752][SEVERE]: Timed out receiving message from renderer: 0.100
[1587393961.853][SEVERE]: Timed out receiving message from renderer: 0.100
[1587393961.954][SEVERE]: Timed out receiving message from renderer: 0.100
[1587393962.056][SEVERE]: Timed out receiving message from renderer: 0.100
[1587393962.159][SEVERE]: Timed out receiving message from renderer: 0.100
[1587393962.260][SEVERE]: Timed out receiving message from renderer: 0.100
[1587393962.363][SEVERE]: Timed out receiving message from renderer: 0.100
[1587393962.465][SEVERE]: Timed out receiving message from renderer: 0.100
[1587393962.568][SEVERE]: Timed out receiving message from renderer: 0.100
[1587393962.671][SEVERE]: Timed out receiving message from renderer: 0.100
[1587393962.774][SEVERE]: Timed out receiving message from renderer: 0.100
[1587393962.876][SEVERE]: Timed out receiving message from renderer: 0.100
[1587393962.978][SEVERE]: Timed out receiving message from renderer: 0.100
[1587393963.080][SEVERE]: Timed out receiving message from renderer: 0.100
[1587393963.183][SEVERE]: Timed out receiving message from renderer: 0.100
[1587393963.285][SEVERE]: Timed out receiving message from renderer: 0.100
[1587393963.387][SEVERE]: Timed out receiving message from renderer: 0.100
[1587393963.488][SEVERE]: Timed out receiving message from renderer: 0.100
[1587393963.590][SEVERE]: Timed out receiving message from renderer: 0.100
[1587393963.693][SEVERE]: Timed out receiving message from renderer: 0.100
[1587393963.795][SEVERE]: Timed out receiving message from renderer: 0.100
[1587393963.898][SEVERE]: Timed out receiving message from renderer: 0.100
[1587393963.999][SEVERE]: Timed out receiving message from renderer: 0.100
[1587393964.101][SEVERE]: Timed out receiving message from renderer: 0.100
[1587393964.204][SEVERE]: Timed out receiving message from renderer: 0.100
[1587393964.306][SEVERE]: Timed out receiving message from renderer: 0.100
[1587393964.408][SEVERE]: Timed out receiving message from renderer: 0.100
[1587393964.510][SEVERE]: Timed out receiving message from renderer: 0.100
[1587393964.612][SEVERE]: Timed out receiving message from renderer: 0.100
[1587393964.714][SEVERE]: Timed out receiving message from renderer: 0.100
[1587393964.816][SEVERE]: Timed out receiving message from renderer: 0.100
[1587393964.918][SEVERE]: Timed out receiving message from renderer: 0.100
[1587393965.020][SEVERE]: Timed out receiving message from renderer: 0.100
[1587393965.121][SEVERE]: Timed out receiving message from renderer: 0.100
[1587393965.223][SEVERE]: Timed out receiving message from renderer: 0.100
[1587393965.325][SEVERE]: Timed out receiving message from renderer: 0.100
[1587393965.427][SEVERE]: Timed out receiving message from renderer: 0.100
[1587393965.530][SEVERE]: Timed out receiving message from renderer: 0.100
[1587393965.631][SEVERE]: Timed out receiving message from renderer: 0.100
[1587393965.733][SEVERE]: Timed out receiving message from renderer: 0.100
[1587393965.835][SEVERE]: Timed out receiving message from renderer: 0.100
[1587393965.936][SEVERE]: Timed out receiving message from renderer: 0.100
[1587393966.037][SEVERE]: Timed out receiving message from renderer: 0.100
[1587393966.139][SEVERE]: Timed out receiving message from renderer: 0.100
[1587393966.240][SEVERE]: Timed out receiving message from renderer: 0.100
[1587393966.343][SEVERE]: Timed out receiving message from renderer: 0.100
[1587393966.445][SEVERE]: Timed out receiving message from renderer: 0.100
[1587393966.548][SEVERE]: Timed out receiving message from renderer: 0.100
[1587393966.650][SEVERE]: Timed out receiving message from renderer: 0.100
[1587393966.753][SEVERE]: Timed out receiving message from renderer: 0.100
[1587393966.855][SEVERE]: Timed out receiving message from renderer: 0.100
[1587393966.957][SEVERE]: Timed out receiving message from renderer: 0.100
[1587393967.059][SEVERE]: Timed out receiving message from renderer: 0.100
[1587393967.161][SEVERE]: Timed out receiving message from renderer: 0.100
[1587393967.263][SEVERE]: Timed out receiving message from renderer: 0.100
[1587393967.365][SEVERE]: Timed out receiving message from renderer: 0.100
[1587393967.467][SEVERE]: Timed out receiving message from renderer: 0.100
[1587393967.570][SEVERE]: Timed out receiving message from renderer: 0.100
[1587393967.671][SEVERE]: Timed out receiving message from renderer: 0.100
[1587393967.772][SEVERE]: Timed out receiving message from renderer: 0.100
[1587393967.877][SEVERE]: Timed out receiving message from renderer: 0.100
[1587393967.980][SEVERE]: Timed out receiving message from renderer: 0.100
[1587393968.082][SEVERE]: Timed out receiving message from renderer: 0.100
[1587393968.184][SEVERE]: Timed out receiving message from renderer: 0.100
[1587393968.286][SEVERE]: Timed out receiving message from renderer: 0.100
[1587393968.388][SEVERE]: Timed out receiving message from renderer: 0.100
[1587393968.489][SEVERE]: Timed out receiving message from renderer: 0.100
[1587393968.593][SEVERE]: Timed out receiving message from renderer: 0.100
[1587393968.695][SEVERE]: Timed out receiving message from renderer: 0.100
[1587393968.796][SEVERE]: Timed out receiving message from renderer: 0.100
[1587393968.898][SEVERE]: Timed out receiving message from renderer: 0.100
[1587393969.001][SEVERE]: Timed out receiving message from renderer: 0.100
[1587393969.104][SEVERE]: Timed out receiving message from renderer: 0.100
[1587393969.205][SEVERE]: Timed out receiving message from renderer: 0.100
[1587393969.307][SEVERE]: Timed out receiving message from renderer: 0.100
[1587393969.409][SEVERE]: Timed out receiving message from renderer: 0.100
[1587393969.512][SEVERE]: Timed out receiving message from renderer: 0.100
[1587393969.614][SEVERE]: Timed out receiving message from renderer: 0.100
[1587393969.716][SEVERE]: Timed out receiving message from renderer: 0.100
[1587393969.818][SEVERE]: Timed out receiving message from renderer: 0.100
[1587393969.921][SEVERE]: Timed out receiving message from renderer: 0.100
[1587393970.022][SEVERE]: Timed out receiving message from renderer: 0.100
[1587393970.123][SEVERE]: Timed out receiving message from renderer: 0.100
[1587393970.224][SEVERE]: Timed out receiving message from renderer: 0.100
[1587393970.327][SEVERE]: Timed out receiving message from renderer: 0.100
[1587393970.430][SEVERE]: Timed out receiving message from renderer: 0.100
[1587393970.533][SEVERE]: Timed out receiving message from renderer: 0.100
[1587393970.635][SEVERE]: Timed out receiving message from renderer: 0.100
[1587393970.738][SEVERE]: Timed out receiving message from renderer: 0.100
[1587393970.841][SEVERE]: Timed out receiving message from renderer: 0.100
[1587393970.942][SEVERE]: Timed out receiving message from renderer: 0.100
[1587393971.045][SEVERE]: Timed out receiving message from renderer: 0.100
[1587393971.148][SEVERE]: Timed out receiving message from renderer: 0.100
[1587393971.250][SEVERE]: Timed out receiving message from renderer: 0.100
[1587393971.352][SEVERE]: Timed out receiving message from renderer: 0.100
[1587393971.453][SEVERE]: Timed out receiving message from renderer: 0.100
[1587393971.555][SEVERE]: Timed out receiving message from renderer: 0.100
[1587393971.657][SEVERE]: Timed out receiving message from renderer: 0.100
[1587393971.759][SEVERE]: Timed out receiving message from renderer: 0.100
[1587393971.861][SEVERE]: Timed out receiving message from renderer: 0.100
[1587393971.964][SEVERE]: Timed out receiving message from renderer: 0.100
[1587393972.065][SEVERE]: Timed out receiving message from renderer: 0.100
[1587393972.166][SEVERE]: Timed out receiving message from renderer: 0.100
[1587393972.269][SEVERE]: Timed out receiving message from renderer: 0.100
[1587393972.370][SEVERE]: Timed out receiving message from renderer: 0.100
[1587393972.471][SEVERE]: Timed out receiving message from renderer: 0.100
[1587393972.573][SEVERE]: Timed out receiving message from renderer: 0.100
[1587393972.676][SEVERE]: Timed out receiving message from renderer: 0.100
[1587393972.777][SEVERE]: Timed out receiving message from renderer: 0.100
[1587393972.879][SEVERE]: Timed out receiving message from renderer: 0.100
[1587393972.981][SEVERE]: Timed out receiving message from renderer: 0.100
[1587393973.082][SEVERE]: Timed out receiving message from renderer: 0.100
[1587393973.183][SEVERE]: Timed out receiving message from renderer: 0.100
[1587393973.285][SEVERE]: Timed out receiving message from renderer: 0.100
[1587393973.387][SEVERE]: Timed out receiving message from renderer: 0.100
[1587393973.489][SEVERE]: Timed out receiving message from renderer: 0.100
[1587393973.592][SEVERE]: Timed out receiving message from renderer: 0.100
[1587393973.694][SEVERE]: Timed out receiving message from renderer: 0.100
[1587393973.797][SEVERE]: Timed out receiving message from renderer: 0.100
[1587393973.898][SEVERE]: Timed out receiving message from renderer: 0.100
[1587393973.999][SEVERE]: Timed out receiving message from renderer: 0.100
[1587393974.000][SEVERE]: Timed out receiving message from renderer: 20.000
</system-err>
  </testcase>
</testsuite>