<?xml version="1.0" encoding="UTF-8"?>
<!-- Generated by org.testng.reporters.JUnitReportReporter -->
<testsuite hostname="W70388" name="com.crm.qa.testcases.LoginPageTest" tests="2" failures="0" timestamp="16 Apr 2020 06:10:38 GMT" time="25.806" errors="0">
  <testcase name="loginPageTitleTest" time="11.889" classname="com.crm.qa.testcases.LoginPageTest"/>
  <testcase name="loginTest" time="13.917" classname="com.crm.qa.testcases.LoginPageTest"/>
</testsuite> <!-- com.crm.qa.testcases.LoginPageTest -->
